<?xml version="1.0" encoding="UTF-8"?>
<testng-results skipped="0" failed="0" total="1" passed="1">
  <reporter-output>
  </reporter-output>
  <suite name="Default suite" duration-ms="29760" started-at="2018-04-12T04:05:39Z" finished-at="2018-04-12T04:06:09Z">
    <groups>
    </groups>
    <test name="Default test" duration-ms="29760" started-at="2018-04-12T04:05:39Z" finished-at="2018-04-12T04:06:09Z">
      <class name="TestMaven.MyFirstTest.MavenTest">
        <test-method status="PASS" signature="xxxtest()[pri:0, instance:TestMaven.MyFirstTest.MavenTest@5ae9a829]" name="xxxtest" duration-ms="29736" started-at="2018-04-12T00:05:39Z" finished-at="2018-04-12T00:06:09Z">
          <reporter-output>
          </reporter-output>
        </test-method> <!-- xxxtest -->
      </class> <!-- TestMaven.MyFirstTest.MavenTest -->
    </test> <!-- Default test -->
  </suite> <!-- Default suite -->
</testng-results>
